<?xml version="1.0" encoding="UTF-8"?>
<!-- Generated by org.testng.reporters.JUnitReportReporter -->
<testsuite hostname="ES-LAPTOP-515" failures="0" tests="2" name="Test.MainRun" time="0.484" errors="0" timestamp="2023-12-06T10:57:49 IST" skipped="0">
  <testcase classname="Test.MainRun" name="run" time="0.188"/>
  <system-out/>
  <testcase classname="Test.MainRun" name="run" time="0.296"/>
  <system-out/>
</testsuite> <!-- Test.MainRun -->
