<?xml version="1.0" encoding="UTF-8"?>
<!-- Generated by org.testng.reporters.JUnitReportReporter -->
<testsuite hostname="ES-LAPTOP-515" failures="0" tests="1" name="project.MainRun" time="3.590" errors="0" timestamp="2023-09-15T13:06:58 IST" skipped="0">
  <testcase classname="project.MainRun" name="run" time="3.590"/>
  <system-out/>
</testsuite> <!-- project.MainRun -->
